[0520/043013:ERROR:process_info.cc(330)] VirtualQueryEx: Access is denied. (0x5)
[0520/043013:ERROR:process_info.cc(547)] ReadMemoryInfo failed
[0520/043013:ERROR:process_info.cc(608)] range at 0xfef6f000, size 0x230 fully unreadable
[0520/043013:ERROR:process_info.cc(330)] VirtualQueryEx: Access is denied. (0x5)
[0520/043013:ERROR:process_info.cc(547)] ReadMemoryInfo failed
[0520/043013:ERROR:process_info.cc(608)] range at 0xfeb45000, size 0x230 fully unreadable
[0520/043013:ERROR:process_info.cc(608)] range at 0x0, size 0x24 fully unreadable
[0520/043013:ERROR:process_reader_win.cc(232)] ReadMemory at 0x0 of 36 bytes failed: Only part of a ReadProcessMemory or WriteProcessMemory request was completed. (0x12B)
[0520/043013:ERROR:process_snapshot_win.cc(350)] ReadMemory PEB_LDR_DATA
[0520/043013:ERROR:process_reader_win.cc(232)] ReadMemory at 0x0 of 784 bytes failed: Only part of a ReadProcessMemory or WriteProcessMemory request was completed. (0x12B)
[0520/043013:ERROR:process_snapshot_win.cc(373)] ReadMemory RTL_USER_PROCESS_PARAMETERS
[0520/043013:ERROR:process_info.cc(330)] VirtualQueryEx: Access is denied. (0x5)
[0520/043013:ERROR:process_info.cc(547)] ReadMemoryInfo failed
[0520/043013:ERROR:process_info.cc(608)] range at 0xff505000, size 0x230 fully unreadable
[0520/043013:ERROR:process_info.cc(608)] range at 0x0, size 0x24 fully unreadable
[0520/043013:ERROR:process_reader_win.cc(232)] ReadMemory at 0x0 of 36 bytes failed: Only part of a ReadProcessMemory or WriteProcessMemory request was completed. (0x12B)
[0520/043013:ERROR:process_snapshot_win.cc(350)] ReadMemory PEB_LDR_DATA
[0520/043013:ERROR:process_reader_win.cc(232)] ReadMemory at 0x0 of 784 bytes failed: Only part of a ReadProcessMemory or WriteProcessMemory request was completed. (0x12B)
[0520/043013:ERROR:process_snapshot_win.cc(373)] ReadMemory RTL_USER_PROCESS_PARAMETERS
[0520/043013:ERROR:process_reader_win.cc(232)] ReadMemory at 0x1210000 of 64 bytes failed: Only part of a ReadProcessMemory or WriteProcessMemory request was completed. (0x12B)
[0520/043013:WARNING:pe_image_reader.cc(280)] could not read dos header from C:\Program Files (x86)\Google\Chrome\Application\chrome.exe
[0520/043013:ERROR:process_reader_win.cc(232)] ReadMemory at 0x77790000 of 64 bytes failed: Only part of a ReadProcessMemory or WriteProcessMemory request was completed. (0x12B)
[0520/043013:WARNING:pe_image_reader.cc(280)] could not read dos header from C:\Windows\SYSTEM32\ntdll.dll
[0520/043013:ERROR:process_reader_win.cc(232)] ReadMemory at 0x68940000 of 64 bytes failed: Only part of a ReadProcessMemory or WriteProcessMemory request was completed. (0x12B)
[0520/043013:WARNING:pe_image_reader.cc(280)] could not read dos header from C:\Program Files (x86)\AVG\Av\avghookx.dll
[0520/043013:ERROR:process_reader_win.cc(232)] ReadMemory at 0x75c20000 of 64 bytes failed: Only part of a ReadProcessMemory or WriteProcessMemory request was completed. (0x12B)
[0520/043013:WARNING:pe_image_reader.cc(280)] could not read dos header from C:\Windows\SYSTEM32\KERNELBASE.dll
[0520/043013:ERROR:process_reader_win.cc(232)] ReadMemory at 0x753a0000 of 64 bytes failed: Only part of a ReadProcessMemory or WriteProcessMemory request was completed. (0x12B)
[0520/043013:WARNING:pe_image_reader.cc(280)] could not read dos header from C:\Windows\SYSTEM32\KERNEL32.DLL
[0520/043013:ERROR:process_reader_win.cc(232)] ReadMemory at 0x75140000 of 64 bytes failed: Only part of a ReadProcessMemory or WriteProcessMemory request was completed. (0x12B)
[0520/043013:WARNING:pe_image_reader.cc(280)] could not read dos header from C:\Windows\SYSTEM32\msvcrt.dll
[0520/043013:ERROR:process_reader_win.cc(232)] ReadMemory at 0x74f10000 of 64 bytes failed: Only part of a ReadProcessMemory or WriteProcessMemory request was completed. (0x12B)
[0520/043013:WARNING:pe_image_reader.cc(280)] could not read dos header from C:\Windows\SYSTEM32\bcryptPrimitives.dll
[0520/043013:ERROR:process_reader_win.cc(232)] ReadMemory at 0x74f70000 of 64 bytes failed: Only part of a ReadProcessMemory or WriteProcessMemory request was completed. (0x12B)
[0520/043013:WARNING:pe_image_reader.cc(280)] could not read dos header from C:\Windows\SYSTEM32\CRYPTBASE.dll
[0520/043013:ERROR:process_reader_win.cc(232)] ReadMemory at 0x75690000 of 64 bytes failed: Only part of a ReadProcessMemory or WriteProcessMemory request was completed. (0x12B)
[0520/043013:WARNING:pe_image_reader.cc(280)] could not read dos header from C:\Windows\SYSTEM32\SspiCli.dll
[0520/043013:ERROR:process_reader_win.cc(232)] ReadMemory at 0x75900000 of 64 bytes failed: Only part of a ReadProcessMemory or WriteProcessMemory request was completed. (0x12B)
[0520/043013:WARNING:pe_image_reader.cc(280)] could not read dos header from C:\Windows\SYSTEM32\RPCRT4.dll
[0520/043013:ERROR:process_reader_win.cc(232)] ReadMemory at 0x77050000 of 64 bytes failed: Only part of a ReadProcessMemory or WriteProcessMemory request was completed. (0x12B)
[0520/043013:WARNING:pe_image_reader.cc(280)] could not read dos header from C:\Windows\SYSTEM32\sechost.dll
[0520/043013:ERROR:process_reader_win.cc(232)] ReadMemory at 0x75ba0000 of 64 bytes failed: Only part of a ReadProcessMemory or WriteProcessMemory request was completed. (0x12B)
[0520/043013:WARNING:pe_image_reader.cc(280)] could not read dos header from C:\Windows\SYSTEM32\ADVAPI32.dll
[0520/043013:ERROR:process_reader_win.cc(232)] ReadMemory at 0x6fbf0000 of 64 bytes failed: Only part of a ReadProcessMemory or WriteProcessMemory request was completed. (0x12B)
[0520/043013:WARNING:pe_image_reader.cc(280)] could not read dos header from C:\Program Files (x86)\Google\Chrome\Application\50.0.2661.102\chrome_elf.dll
[0520/043013:ERROR:process_reader_win.cc(232)] ReadMemory at 0x70d50000 of 64 bytes failed: Only part of a ReadProcessMemory or WriteProcessMemory request was completed. (0x12B)
[0520/043013:WARNING:pe_image_reader.cc(280)] could not read dos header from C:\Windows\SYSTEM32\VERSION.dll
[0520/043013:ERROR:process_reader_win.cc(232)] ReadMemory at 0x77260000 of 64 bytes failed: Only part of a ReadProcessMemory or WriteProcessMemory request was completed. (0x12B)
[0520/043013:WARNING:pe_image_reader.cc(280)] could not read dos header from C:\Windows\SYSTEM32\cfgmgr32.dll
[0520/043013:ERROR:process_reader_win.cc(232)] ReadMemory at 0x74bf0000 of 64 bytes failed: Only part of a ReadProcessMemory or WriteProcessMemory request was completed. (0x12B)
[0520/043013:WARNING:pe_image_reader.cc(280)] could not read dos header from C:\Windows\SYSTEM32\DEVOBJ.dll
[0520/043013:ERROR:process_reader_win.cc(232)] ReadMemory at 0x74c40000 of 64 bytes failed: Only part of a ReadProcessMemory or WriteProcessMemory request was completed. (0x12B)
[0520/043013:WARNING:pe_image_reader.cc(280)] could not read dos header from C:\Windows\SYSTEM32\WINMMBASE.dll
[0520/043013:ERROR:process_reader_win.cc(232)] ReadMemory at 0x77420000 of 64 bytes failed: Only part of a ReadProcessMemory or WriteProcessMemory request was completed. (0x12B)
[0520/043013:WARNING:pe_image_reader.cc(280)] could not read dos header from C:\Windows\SYSTEM32\GDI32.dll
[0520/043013:ERROR:process_reader_win.cc(232)] ReadMemory at 0x74f80000 of 64 bytes failed: Only part of a ReadProcessMemory or WriteProcessMemory request was completed. (0x12B)
[0520/043013:WARNING:pe_image_reader.cc(280)] could not read dos header from C:\Windows\SYSTEM32\USER32.dll
[0520/043013:ERROR:process_reader_win.cc(232)] ReadMemory at 0x759c0000 of 64 bytes failed: Only part of a ReadProcessMemory or WriteProcessMemory request was completed. (0x12B)
[0520/043013:WARNING:pe_image_reader.cc(280)] could not read dos header from C:\Windows\SYSTEM32\MSCTF.dll
[0520/043013:ERROR:process_reader_win.cc(232)] ReadMemory at 0x75100000 of 64 bytes failed: Only part of a ReadProcessMemory or WriteProcessMemory request was completed. (0x12B)
[0520/043013:WARNING:pe_image_reader.cc(280)] could not read dos header from C:\Windows\system32\IMM32.DLL
[0520/043013:ERROR:process_reader_win.cc(232)] ReadMemory at 0x74d80000 of 64 bytes failed: Only part of a ReadProcessMemory or WriteProcessMemory request was completed. (0x12B)
[0520/043013:WARNING:pe_image_reader.cc(280)] could not read dos header from C:\Windows\SYSTEM32\WINMM.dll
[0520/043013:ERROR:process_reader_win.cc(232)] ReadMemory at 0x74810000 of 64 bytes failed: Only part of a ReadProcessMemory or WriteProcessMemory request was completed. (0x12B)
[0520/043013:WARNING:pe_image_reader.cc(280)] could not read dos header from C:\Windows\SYSTEM32\profapi.dll
[0520/043013:ERROR:process_reader_win.cc(232)] ReadMemory at 0x74820000 of 64 bytes failed: Only part of a ReadProcessMemory or WriteProcessMemory request was completed. (0x12B)
[0520/043013:WARNING:pe_image_reader.cc(280)] could not read dos header from C:\Windows\SYSTEM32\USERENV.dll
[0520/043013:ERROR:process_reader_win.cc(232)] ReadMemory at 0x74970000 of 64 bytes failed: Only part of a ReadProcessMemory or WriteProcessMemory request was completed. (0x12B)
[0520/043013:WARNING:pe_image_reader.cc(280)] could not read dos header from C:\Windows\SYSTEM32\WTSAPI32.dll
[0520/043013:ERROR:process_reader_win.cc(232)] ReadMemory at 0x75210000 of 64 bytes failed: Only part of a ReadProcessMemory or WriteProcessMemory request was completed. (0x12B)
[0520/043013:WARNING:pe_image_reader.cc(280)] could not read dos header from C:\Windows\SYSTEM32\combase.dll
[0520/043013:ERROR:process_reader_win.cc(232)] ReadMemory at 0x74a00000 of 64 bytes failed: Only part of a ReadProcessMemory or WriteProcessMemory request was completed. (0x12B)
[0520/043013:WARNING:pe_image_reader.cc(280)] could not read dos header from C:\Windows\SYSTEM32\WINHTTP.dll
[0520/043013:ERROR:process_reader_win.cc(232)] ReadMemory at 0x77140000 of 64 bytes failed: Only part of a ReadProcessMemory or WriteProcessMemory request was completed. (0x12B)
[0520/043013:WARNING:pe_image_reader.cc(280)] could not read dos header from C:\Windows\SYSTEM32\SHLWAPI.dll
[0520/043013:ERROR:process_reader_win.cc(232)] ReadMemory at 0x75d90000 of 64 bytes failed: Only part of a ReadProcessMemory or WriteProcessMemory request was completed. (0x12B)
[0520/043013:WARNING:pe_image_reader.cc(280)] could not read dos header from C:\Windows\SYSTEM32\SHELL32.dll
[0520/043013:ERROR:process_reader_win.cc(232)] ReadMemory at 0x74b10000 of 64 bytes failed: Only part of a ReadProcessMemory or WriteProcessMemory request was completed. (0x12B)
[0520/043013:WARNING:pe_image_reader.cc(280)] could not read dos header from C:\Windows\SYSTEM32\shcore.dll
[0520/043013:ERROR:process_reader_win.cc(232)] ReadMemory at 0x75390000 of 64 bytes failed: Only part of a ReadProcessMemory or WriteProcessMemory request was completed. (0x12B)
[0520/043013:WARNING:pe_image_reader.cc(280)] could not read dos header from C:\Windows\SYSTEM32\PSAPI.DLL
[0520/043013:ERROR:process_reader_win.cc(232)] ReadMemory at 0x74c70000 of 64 bytes failed: Only part of a ReadProcessMemory or WriteProcessMemory request was completed. (0x12B)
[0520/043013:WARNING:pe_image_reader.cc(280)] could not read dos header from C:\Windows\SYSTEM32\WINSPOOL.DRV
[0520/043013:ERROR:process_reader_win.cc(232)] ReadMemory at 0x74540000 of 64 bytes failed: Only part of a ReadProcessMemory or WriteProcessMemory request was completed. (0x12B)
[0520/043013:WARNING:pe_image_reader.cc(280)] could not read dos header from C:\Windows\WinSxS\x86_microsoft.windows.common-controls_6595b64144ccf1df_6.0.9600.18006_none_a9ec6aab013aafee\COMCTL32.dll
[0520/043013:ERROR:process_reader_win.cc(232)] ReadMemory at 0x770a0000 of 64 bytes failed: Only part of a ReadProcessMemory or WriteProcessMemory request was completed. (0x12B)
[0520/043013:WARNING:pe_image_reader.cc(280)] could not read dos header from C:\Windows\SYSTEM32\COMDLG32.dll
[0520/043013:ERROR:process_reader_win.cc(232)] ReadMemory at 0x772a0000 of 64 bytes failed: Only part of a ReadProcessMemory or WriteProcessMemory request was completed. (0x12B)
[0520/043013:WARNING:pe_image_reader.cc(280)] could not read dos header from C:\Windows\SYSTEM32\ole32.dll
[0520/043013:ERROR:process_reader_win.cc(232)] ReadMemory at 0x75b00000 of 64 bytes failed: Only part of a ReadProcessMemory or WriteProcessMemory request was completed. (0x12B)
[0520/043013:WARNING:pe_image_reader.cc(280)] could not read dos header from C:\Windows\SYSTEM32\OLEAUT32.dll
[0520/043013:ERROR:process_reader_win.cc(232)] ReadMemory at 0x750e0000 of 64 bytes failed: Only part of a ReadProcessMemory or WriteProcessMemory request was completed. (0x12B)
[0520/043013:WARNING:pe_image_reader.cc(280)] could not read dos header from C:\Windows\SYSTEM32\NSI.dll
[0520/043013:ERROR:process_reader_win.cc(232)] ReadMemory at 0x749d0000 of 64 bytes failed: Only part of a ReadProcessMemory or WriteProcessMemory request was completed. (0x12B)
[0520/043013:WARNING:pe_image_reader.cc(280)] could not read dos header from C:\Windows\SYSTEM32\WINNSI.DLL
[0520/043013:ERROR:process_reader_win.cc(232)] ReadMemory at 0x749e0000 of 64 bytes failed: Only part of a ReadProcessMemory or WriteProcessMemory request was completed. (0x12B)
[0520/043013:WARNING:pe_image_reader.cc(280)] could not read dos header from C:\Windows\SYSTEM32\IPHLPAPI.DLL
[0520/043013:ERROR:process_reader_win.cc(232)] ReadMemory at 0x773d0000 of 64 bytes failed: Only part of a ReadProcessMemory or WriteProcessMemory request was completed. (0x12B)
[0520/043013:WARNING:pe_image_reader.cc(280)] could not read dos header from C:\Windows\SYSTEM32\WS2_32.dll
[0520/043013:ERROR:process_reader_win.cc(232)] ReadMemory at 0x6dbb0000 of 64 bytes failed: Only part of a ReadProcessMemory or WriteProcessMemory request was completed. (0x12B)
[0520/043013:WARNING:pe_image_reader.cc(280)] could not read dos header from C:\Windows\SYSTEM32\USP10.dll
[0520/043013:ERROR:process_reader_win.cc(232)] ReadMemory at 0x77250000 of 64 bytes failed: Only part of a ReadProcessMemory or WriteProcessMemory request was completed. (0x12B)
[0520/043013:WARNING:pe_image_reader.cc(280)] could not read dos header from C:\Windows\SYSTEM32\MSASN1.dll
[0520/043013:ERROR:process_reader_win.cc(232)] ReadMemory at 0x77530000 of 64 bytes failed: Only part of a ReadProcessMemory or WriteProcessMemory request was completed. (0x12B)
[0520/043013:WARNING:pe_image_reader.cc(280)] could not read dos header from C:\Windows\SYSTEM32\CRYPT32.dll
[0520/043013:ERROR:process_reader_win.cc(232)] ReadMemory at 0x754e0000 of 64 bytes failed: Only part of a ReadProcessMemory or WriteProcessMemory request was completed. (0x12B)
[0520/043013:WARNING:pe_image_reader.cc(280)] could not read dos header from C:\Windows\SYSTEM32\WINTRUST.dll
[0520/043013:ERROR:process_reader_win.cc(232)] ReadMemory at 0x71820000 of 64 bytes failed: Only part of a ReadProcessMemory or WriteProcessMemory request was completed. (0x12B)
[0520/043013:WARNING:pe_image_reader.cc(280)] could not read dos header from C:\Windows\SYSTEM32\Secur32.dll
[0520/043013:ERROR:process_reader_win.cc(232)] ReadMemory at 0x5fcb0000 of 64 bytes failed: Only part of a ReadProcessMemory or WriteProcessMemory request was completed. (0x12B)
[0520/043013:WARNING:pe_image_reader.cc(280)] could not read dos header from C:\Program Files (x86)\Google\Chrome\Application\50.0.2661.102\chrome_child.dll
[0520/043013:ERROR:process_reader_win.cc(232)] ReadMemory at 0x71250000 of 64 bytes failed: Only part of a ReadProcessMemory or WriteProcessMemory request was completed. (0x12B)
[0520/043013:WARNING:pe_image_reader.cc(280)] could not read dos header from C:\Windows\SYSTEM32\dwrite.dll
[0520/043013:ERROR:process_reader_win.cc(232)] ReadMemory at 0x77891860 of 5888 bytes failed: Only part of a ReadProcessMemory or WriteProcessMemory request was completed. (0x12B)
[0520/043013:ERROR:process_reader_win.cc(232)] ReadMemory at 0x1210000 of 64 bytes failed: Only part of a ReadProcessMemory or WriteProcessMemory request was completed. (0x12B)
[0520/043013:WARNING:pe_image_reader.cc(280)] could not read dos header from C:\Program Files (x86)\Google\Chrome\Application\chrome.exe
[0520/043013:ERROR:process_reader_win.cc(232)] ReadMemory at 0x77790000 of 64 bytes failed: Only part of a ReadProcessMemory or WriteProcessMemory request was completed. (0x12B)
[0520/043013:WARNING:pe_image_reader.cc(280)] could not read dos header from C:\Windows\SYSTEM32\ntdll.dll
[0520/043013:ERROR:process_reader_win.cc(232)] ReadMemory at 0x68940000 of 64 bytes failed: Only part of a ReadProcessMemory or WriteProcessMemory request was completed. (0x12B)
[0520/043013:WARNING:pe_image_reader.cc(280)] could not read dos header from C:\Program Files (x86)\AVG\Av\avghookx.dll
[0520/043013:ERROR:process_reader_win.cc(232)] ReadMemory at 0x75c20000 of 64 bytes failed: Only part of a ReadProcessMemory or WriteProcessMemory request was completed. (0x12B)
[0520/043013:WARNING:pe_image_reader.cc(280)] could not read dos header from C:\Windows\SYSTEM32\KERNELBASE.dll
[0520/043013:ERROR:process_reader_win.cc(232)] ReadMemory at 0x753a0000 of 64 bytes failed: Only part of a ReadProcessMemory or WriteProcessMemory request was completed. (0x12B)
[0520/043013:WARNING:pe_image_reader.cc(280)] could not read dos header from C:\Windows\SYSTEM32\KERNEL32.DLL
[0520/043013:ERROR:process_reader_win.cc(232)] ReadMemory at 0x75140000 of 64 bytes failed: Only part of a ReadProcessMemory or WriteProcessMemory request was completed. (0x12B)
[0520/043013:WARNING:pe_image_reader.cc(280)] could not read dos header from C:\Windows\SYSTEM32\msvcrt.dll
[0520/043013:ERROR:process_reader_win.cc(141)] SuspendThread: Access is denied. (0x5)
[0520/043013:ERROR:process_reader_win.cc(232)] ReadMemory at 0x74f10000 of 64 bytes failed: Only part of a ReadProcessMemory or WriteProcessMemory request was completed. (0x12B)
[0520/043013:WARNING:pe_image_reader.cc(280)] could not read dos header from C:\Windows\SYSTEM32\bcryptPrimitives.dll
[0520/043013:ERROR:process_reader_win.cc(232)] ReadMemory at 0x74f70000 of 64 bytes failed: Only part of a ReadProcessMemory or WriteProcessMemory request was completed. (0x12B)
[0520/043013:WARNING:pe_image_reader.cc(280)] could not read dos header from C:\Windows\SYSTEM32\CRYPTBASE.dll
[0520/043013:ERROR:process_reader_win.cc(232)] ReadMemory at 0x75690000 of 64 bytes failed: Only part of a ReadProcessMemory or WriteProcessMemory request was completed. (0x12B)
[0520/043013:WARNING:pe_image_reader.cc(280)] could not read dos header from C:\Windows\SYSTEM32\SspiCli.dll
[0520/043013:ERROR:process_reader_win.cc(232)] ReadMemory at 0x75900000 of 64 bytes failed: Only part of a ReadProcessMemory or WriteProcessMemory request was completed. (0x12B)
[0520/043013:ERROR:exception_snapshot_win.cc(57)] thread ID 0 not found in process
[0520/043013:WARNING:crash_report_exception_handler.cc(60)] ProcessSnapshotWin::InitializeException failed
[0520/043013:WARNING:pe_image_reader.cc(280)] could not read dos header from C:\Windows\SYSTEM32\RPCRT4.dll
[0520/043013:ERROR:process_reader_win.cc(232)] ReadMemory at 0x77050000 of 64 bytes failed: Only part of a ReadProcessMemory or WriteProcessMemory request was completed. (0x12B)
[0520/043013:WARNING:pe_image_reader.cc(280)] could not read dos header from C:\Windows\SYSTEM32\sechost.dll
[0520/043013:ERROR:process_reader_win.cc(232)] ReadMemory at 0x75ba0000 of 64 bytes failed: Only part of a ReadProcessMemory or WriteProcessMemory request was completed. (0x12B)
[0520/043013:ERROR:scoped_process_suspend.cc(38)] NtResumeProcess, ntstatus=-1073741558
[0520/043013:WARNING:pe_image_reader.cc(280)] could not read dos header from C:\Windows\SYSTEM32\ADVAPI32.dll
[0520/043013:ERROR:process_reader_win.cc(232)] ReadMemory at 0x6fbf0000 of 64 bytes failed: Only part of a ReadProcessMemory or WriteProcessMemory request was completed. (0x12B)
[0520/043013:WARNING:pe_image_reader.cc(280)] could not read dos header from C:\Program Files (x86)\Google\Chrome\Application\50.0.2661.102\chrome_elf.dll
[0520/043013:ERROR:process_reader_win.cc(232)] ReadMemory at 0x70d50000 of 64 bytes failed: Only part of a ReadProcessMemory or WriteProcessMemory request was completed. (0x12B)
[0520/043013:WARNING:pe_image_reader.cc(280)] could not read dos header from C:\Windows\SYSTEM32\VERSION.dll
[0520/043013:ERROR:process_reader_win.cc(232)] ReadMemory at 0x77260000 of 64 bytes failed: Only part of a ReadProcessMemory or WriteProcessMemory request was completed. (0x12B)
[0520/043013:WARNING:pe_image_reader.cc(280)] could not read dos header from C:\Windows\SYSTEM32\cfgmgr32.dll
[0520/043013:ERROR:process_reader_win.cc(232)] ReadMemory at 0x74bf0000 of 64 bytes failed: Only part of a ReadProcessMemory or WriteProcessMemory request was completed. (0x12B)
[0520/043013:WARNING:pe_image_reader.cc(280)] could not read dos header from C:\Windows\SYSTEM32\DEVOBJ.dll
[0520/043013:ERROR:process_reader_win.cc(232)] ReadMemory at 0x74c40000 of 64 bytes failed: Only part of a ReadProcessMemory or WriteProcessMemory request was completed. (0x12B)
[0520/043013:WARNING:pe_image_reader.cc(280)] could not read dos header from C:\Windows\SYSTEM32\WINMMBASE.dll
[0520/043013:ERROR:process_reader_win.cc(232)] ReadMemory at 0x77420000 of 64 bytes failed: Only part of a ReadProcessMemory or WriteProcessMemory request was completed. (0x12B)
[0520/043013:WARNING:pe_image_reader.cc(280)] could not read dos header from C:\Windows\SYSTEM32\GDI32.dll
[0520/043013:ERROR:process_reader_win.cc(232)] ReadMemory at 0x74f80000 of 64 bytes failed: Only part of a ReadProcessMemory or WriteProcessMemory request was completed. (0x12B)
[0520/043013:WARNING:pe_image_reader.cc(280)] could not read dos header from C:\Windows\SYSTEM32\USER32.dll
[0520/043013:ERROR:process_reader_win.cc(232)] ReadMemory at 0x759c0000 of 64 bytes failed: Only part of a ReadProcessMemory or WriteProcessMemory request was completed. (0x12B)
[0520/043013:WARNING:pe_image_reader.cc(280)] could not read dos header from C:\Windows\SYSTEM32\MSCTF.dll
[0520/043013:ERROR:process_reader_win.cc(232)] ReadMemory at 0x75100000 of 64 bytes failed: Only part of a ReadProcessMemory or WriteProcessMemory request was completed. (0x12B)
[0520/043013:WARNING:pe_image_reader.cc(280)] could not read dos header from C:\Windows\system32\IMM32.DLL
[0520/043013:ERROR:process_reader_win.cc(232)] ReadMemory at 0x74d80000 of 64 bytes failed: Only part of a ReadProcessMemory or WriteProcessMemory request was completed. (0x12B)
[0520/043013:WARNING:pe_image_reader.cc(280)] could not read dos header from C:\Windows\SYSTEM32\WINMM.dll
[0520/043013:ERROR:process_reader_win.cc(232)] ReadMemory at 0x74810000 of 64 bytes failed: Only part of a ReadProcessMemory or WriteProcessMemory request was completed. (0x12B)
[0520/043013:WARNING:pe_image_reader.cc(280)] could not read dos header from C:\Windows\SYSTEM32\profapi.dll
[0520/043013:ERROR:process_reader_win.cc(232)] ReadMemory at 0x74820000 of 64 bytes failed: Only part of a ReadProcessMemory or WriteProcessMemory request was completed. (0x12B)
[0520/043013:WARNING:pe_image_reader.cc(280)] could not read dos header from C:\Windows\SYSTEM32\USERENV.dll
[0520/043013:ERROR:process_reader_win.cc(232)] ReadMemory at 0x74970000 of 64 bytes failed: Only part of a ReadProcessMemory or WriteProcessMemory request was completed. (0x12B)
[0520/043013:WARNING:pe_image_reader.cc(280)] could not read dos header from C:\Windows\SYSTEM32\WTSAPI32.dll
[0520/043013:ERROR:process_reader_win.cc(232)] ReadMemory at 0x75210000 of 64 bytes failed: Only part of a ReadProcessMemory or WriteProcessMemory request was completed. (0x12B)
[0520/043013:WARNING:pe_image_reader.cc(280)] could not read dos header from C:\Windows\SYSTEM32\combase.dll
[0520/043013:ERROR:process_reader_win.cc(232)] ReadMemory at 0x74a00000 of 64 bytes failed: Only part of a ReadProcessMemory or WriteProcessMemory request was completed. (0x12B)
[0520/043013:WARNING:pe_image_reader.cc(280)] could not read dos header from C:\Windows\SYSTEM32\WINHTTP.dll
[0520/043013:ERROR:process_reader_win.cc(232)] ReadMemory at 0x77140000 of 64 bytes failed: Only part of a ReadProcessMemory or WriteProcessMemory request was completed. (0x12B)
[0520/043013:WARNING:pe_image_reader.cc(280)] could not read dos header from C:\Windows\SYSTEM32\SHLWAPI.dll
[0520/043013:ERROR:process_reader_win.cc(232)] ReadMemory at 0x75d90000 of 64 bytes failed: Only part of a ReadProcessMemory or WriteProcessMemory request was completed. (0x12B)
[0520/043013:WARNING:pe_image_reader.cc(280)] could not read dos header from C:\Windows\SYSTEM32\SHELL32.dll
[0520/043013:ERROR:process_reader_win.cc(232)] ReadMemory at 0x74b10000 of 64 bytes failed: Only part of a ReadProcessMemory or WriteProcessMemory request was completed. (0x12B)
[0520/043013:WARNING:pe_image_reader.cc(280)] could not read dos header from C:\Windows\SYSTEM32\shcore.dll
[0520/043013:ERROR:process_reader_win.cc(232)] ReadMemory at 0x75390000 of 64 bytes failed: Only part of a ReadProcessMemory or WriteProcessMemory request was completed. (0x12B)
[0520/043013:WARNING:pe_image_reader.cc(280)] could not read dos header from C:\Windows\SYSTEM32\PSAPI.DLL
[0520/043013:ERROR:process_reader_win.cc(232)] ReadMemory at 0x74c70000 of 64 bytes failed: Only part of a ReadProcessMemory or WriteProcessMemory request was completed. (0x12B)
[0520/043013:WARNING:pe_image_reader.cc(280)] could not read dos header from C:\Windows\SYSTEM32\WINSPOOL.DRV
[0520/043013:ERROR:process_reader_win.cc(232)] ReadMemory at 0x74540000 of 64 bytes failed: Only part of a ReadProcessMemory or WriteProcessMemory request was completed. (0x12B)
[0520/043013:WARNING:pe_image_reader.cc(280)] could not read dos header from C:\Windows\WinSxS\x86_microsoft.windows.common-controls_6595b64144ccf1df_6.0.9600.18006_none_a9ec6aab013aafee\COMCTL32.dll
[0520/043013:ERROR:process_reader_win.cc(232)] ReadMemory at 0x770a0000 of 64 bytes failed: Only part of a ReadProcessMemory or WriteProcessMemory request was completed. (0x12B)
[0520/043013:WARNING:pe_image_reader.cc(280)] could not read dos header from C:\Windows\SYSTEM32\COMDLG32.dll
[0520/043013:ERROR:process_reader_win.cc(232)] ReadMemory at 0x772a0000 of 64 bytes failed: Only part of a ReadProcessMemory or WriteProcessMemory request was completed. (0x12B)
[0520/043013:WARNING:pe_image_reader.cc(280)] could not read dos header from C:\Windows\SYSTEM32\ole32.dll
[0520/043013:ERROR:process_reader_win.cc(232)] ReadMemory at 0x75b00000 of 64 bytes failed: Only part of a ReadProcessMemory or WriteProcessMemory request was completed. (0x12B)
[0520/043013:WARNING:pe_image_reader.cc(280)] could not read dos header from C:\Windows\SYSTEM32\OLEAUT32.dll
[0520/043013:ERROR:process_reader_win.cc(232)] ReadMemory at 0x750e0000 of 64 bytes failed: Only part of a ReadProcessMemory or WriteProcessMemory request was completed. (0x12B)
[0520/043013:WARNING:pe_image_reader.cc(280)] could not read dos header from C:\Windows\SYSTEM32\NSI.dll
[0520/043013:ERROR:process_reader_win.cc(232)] ReadMemory at 0x749d0000 of 64 bytes failed: Only part of a ReadProcessMemory or WriteProcessMemory request was completed. (0x12B)
[0520/043013:WARNING:pe_image_reader.cc(280)] could not read dos header from C:\Windows\SYSTEM32\WINNSI.DLL
[0520/043013:ERROR:process_reader_win.cc(232)] ReadMemory at 0x749e0000 of 64 bytes failed: Only part of a ReadProcessMemory or WriteProcessMemory request was completed. (0x12B)
[0520/043013:WARNING:pe_image_reader.cc(280)] could not read dos header from C:\Windows\SYSTEM32\IPHLPAPI.DLL
[0520/043013:ERROR:process_reader_win.cc(232)] ReadMemory at 0x773d0000 of 64 bytes failed: Only part of a ReadProcessMemory or WriteProcessMemory request was completed. (0x12B)
[0520/043013:WARNING:pe_image_reader.cc(280)] could not read dos header from C:\Windows\SYSTEM32\WS2_32.dll
[0520/043013:ERROR:process_reader_win.cc(232)] ReadMemory at 0x6dbb0000 of 64 bytes failed: Only part of a ReadProcessMemory or WriteProcessMemory request was completed. (0x12B)
[0520/043013:WARNING:pe_image_reader.cc(280)] could not read dos header from C:\Windows\SYSTEM32\USP10.dll
[0520/043013:ERROR:process_reader_win.cc(232)] ReadMemory at 0x77250000 of 64 bytes failed: Only part of a ReadProcessMemory or WriteProcessMemory request was completed. (0x12B)
[0520/043013:WARNING:pe_image_reader.cc(280)] could not read dos header from C:\Windows\SYSTEM32\MSASN1.dll
[0520/043013:ERROR:process_reader_win.cc(232)] ReadMemory at 0x77530000 of 64 bytes failed: Only part of a ReadProcessMemory or WriteProcessMemory request was completed. (0x12B)
[0520/043013:WARNING:pe_image_reader.cc(280)] could not read dos header from C:\Windows\SYSTEM32\CRYPT32.dll
[0520/043013:ERROR:process_reader_win.cc(232)] ReadMemory at 0x754e0000 of 64 bytes failed: Only part of a ReadProcessMemory or WriteProcessMemory request was completed. (0x12B)
[0520/043013:WARNING:pe_image_reader.cc(280)] could not read dos header from C:\Windows\SYSTEM32\WINTRUST.dll
[0520/043013:ERROR:process_reader_win.cc(232)] ReadMemory at 0x71820000 of 64 bytes failed: Only part of a ReadProcessMemory or WriteProcessMemory request was completed. (0x12B)
[0520/043013:WARNING:pe_image_reader.cc(280)] could not read dos header from C:\Windows\SYSTEM32\Secur32.dll
[0520/043013:ERROR:process_reader_win.cc(232)] ReadMemory at 0x5fcb0000 of 64 bytes failed: Only part of a ReadProcessMemory or WriteProcessMemory request was completed. (0x12B)
[0520/043013:WARNING:pe_image_reader.cc(280)] could not read dos header from C:\Program Files (x86)\Google\Chrome\Application\50.0.2661.102\chrome_child.dll
[0520/043013:ERROR:process_reader_win.cc(232)] ReadMemory at 0x71250000 of 64 bytes failed: Only part of a ReadProcessMemory or WriteProcessMemory request was completed. (0x12B)
[0520/043013:WARNING:pe_image_reader.cc(280)] could not read dos header from C:\Windows\SYSTEM32\dwrite.dll
[0520/043013:ERROR:process_reader_win.cc(98)] process 9376 not found
[0520/043013:ERROR:process_reader_win.cc(232)] ReadMemory at 0x12bd1b4 of 12 bytes failed: Only part of a ReadProcessMemory or WriteProcessMemory request was completed. (0x12B)
[0520/043013:WARNING:process_snapshot_win.cc(96)] ReadMemory ExceptionInformation failed
[0520/043013:WARNING:crash_report_exception_handler.cc(60)] ProcessSnapshotWin::InitializeException failed
[0520/043013:ERROR:scoped_process_suspend.cc(38)] NtResumeProcess, ntstatus=-1073741558
[0520/043013:ERROR:process_info.cc(608)] range at 0x0, size 0x24 fully unreadable
[0520/043013:ERROR:process_reader_win.cc(232)] ReadMemory at 0x0 of 36 bytes failed: Only part of a ReadProcessMemory or WriteProcessMemory request was completed. (0x12B)
[0520/043013:ERROR:process_snapshot_win.cc(350)] ReadMemory PEB_LDR_DATA
[0520/043013:ERROR:process_reader_win.cc(232)] ReadMemory at 0x0 of 784 bytes failed: Only part of a ReadProcessMemory or WriteProcessMemory request was completed. (0x12B)
[0520/043013:ERROR:process_snapshot_win.cc(373)] ReadMemory RTL_USER_PROCESS_PARAMETERS
[0520/043013:ERROR:process_reader_win.cc(232)] ReadMemory at 0x74810000 of 64 bytes failed: Only part of a ReadProcessMemory or WriteProcessMemory request was completed. (0x12B)
[0520/043013:WARNING:pe_image_reader.cc(280)] could not read dos header from C:\Windows\SYSTEM32\profapi.dll
[0520/043013:ERROR:process_reader_win.cc(232)] ReadMemory at 0x74820000 of 64 bytes failed: Only part of a ReadProcessMemory or WriteProcessMemory request was completed. (0x12B)
[0520/043013:WARNING:pe_image_reader.cc(280)] could not read dos header from C:\Windows\SYSTEM32\USERENV.dll
[0520/043013:ERROR:process_reader_win.cc(232)] ReadMemory at 0x74970000 of 64 bytes failed: Only part of a ReadProcessMemory or WriteProcessMemory request was completed. (0x12B)
[0520/043013:WARNING:pe_image_reader.cc(280)] could not read dos header from C:\Windows\SYSTEM32\WTSAPI32.dll
[0520/043013:ERROR:process_reader_win.cc(232)] ReadMemory at 0x75210000 of 64 bytes failed: Only part of a ReadProcessMemory or WriteProcessMemory request was completed. (0x12B)
[0520/043013:WARNING:pe_image_reader.cc(280)] could not read dos header from C:\Windows\SYSTEM32\combase.dll
[0520/043013:ERROR:process_reader_win.cc(232)] ReadMemory at 0x74a00000 of 64 bytes failed: Only part of a ReadProcessMemory or WriteProcessMemory request was completed. (0x12B)
[0520/043013:WARNING:pe_image_reader.cc(280)] could not read dos header from C:\Windows\SYSTEM32\WINHTTP.dll
[0520/043013:ERROR:process_reader_win.cc(232)] ReadMemory at 0x77140000 of 64 bytes failed: Only part of a ReadProcessMemory or WriteProcessMemory request was completed. (0x12B)
[0520/043013:WARNING:pe_image_reader.cc(280)] could not read dos header from C:\Windows\SYSTEM32\SHLWAPI.dll
[0520/043013:ERROR:process_reader_win.cc(232)] ReadMemory at 0x75d90000 of 64 bytes failed: Only part of a ReadProcessMemory or WriteProcessMemory request was completed. (0x12B)
[0520/043013:WARNING:pe_image_reader.cc(280)] could not read dos header from C:\Windows\SYSTEM32\SHELL32.dll
[0520/043013:ERROR:process_reader_win.cc(232)] ReadMemory at 0x74b10000 of 64 bytes failed: Only part of a ReadProcessMemory or WriteProcessMemory request was completed. (0x12B)
[0520/043013:WARNING:pe_image_reader.cc(280)] could not read dos header from C:\Windows\SYSTEM32\shcore.dll
[0520/043013:ERROR:process_reader_win.cc(232)] ReadMemory at 0x75390000 of 64 bytes failed: Only part of a ReadProcessMemory or WriteProcessMemory request was completed. (0x12B)
[0520/043013:WARNING:pe_image_reader.cc(280)] could not read dos header from C:\Windows\SYSTEM32\PSAPI.DLL
[0520/043013:ERROR:process_reader_win.cc(232)] ReadMemory at 0x74c70000 of 64 bytes failed: Only part of a ReadProcessMemory or WriteProcessMemory request was completed. (0x12B)
[0520/043013:WARNING:pe_image_reader.cc(280)] could not read dos header from C:\Windows\SYSTEM32\WINSPOOL.DRV
[0520/043013:ERROR:process_reader_win.cc(232)] ReadMemory at 0x74540000 of 64 bytes failed: Only part of a ReadProcessMemory or WriteProcessMemory request was completed. (0x12B)
[0520/043013:WARNING:pe_image_reader.cc(280)] could not read dos header from C:\Windows\WinSxS\x86_microsoft.windows.common-controls_6595b64144ccf1df_6.0.9600.18006_none_a9ec6aab013aafee\COMCTL32.dll
[0520/043013:ERROR:process_reader_win.cc(232)] ReadMemory at 0x770a0000 of 64 bytes failed: Only part of a ReadProcessMemory or WriteProcessMemory request was completed. (0x12B)
[0520/043013:WARNING:pe_image_reader.cc(280)] could not read dos header from C:\Windows\SYSTEM32\COMDLG32.dll
[0520/043013:ERROR:process_reader_win.cc(232)] ReadMemory at 0x772a0000 of 64 bytes failed: Only part of a ReadProcessMemory or WriteProcessMemory request was completed. (0x12B)
[0520/043013:WARNING:pe_image_reader.cc(280)] could not read dos header from C:\Windows\SYSTEM32\ole32.dll
[0520/043013:ERROR:process_reader_win.cc(232)] ReadMemory at 0x75b00000 of 64 bytes failed: Only part of a ReadProcessMemory or WriteProcessMemory request was completed. (0x12B)
[0520/043013:WARNING:pe_image_reader.cc(280)] could not read dos header from C:\Windows\SYSTEM32\OLEAUT32.dll
[0520/043013:ERROR:process_reader_win.cc(232)] ReadMemory at 0x750e0000 of 64 bytes failed: Only part of a ReadProcessMemory or WriteProcessMemory request was completed. (0x12B)
[0520/043013:WARNING:pe_image_reader.cc(280)] could not read dos header from C:\Windows\SYSTEM32\NSI.dll
[0520/043013:ERROR:process_reader_win.cc(232)] ReadMemory at 0x749d0000 of 64 bytes failed: Only part of a ReadProcessMemory or WriteProcessMemory request was completed. (0x12B)
[0520/043013:WARNING:pe_image_reader.cc(280)] could not read dos header from C:\Windows\SYSTEM32\WINNSI.DLL
[0520/043013:ERROR:process_reader_win.cc(232)] ReadMemory at 0x749e0000 of 64 bytes failed: Only part of a ReadProcessMemory or WriteProcessMemory request was completed. (0x12B)
[0520/043013:WARNING:pe_image_reader.cc(280)] could not read dos header from C:\Windows\SYSTEM32\IPHLPAPI.DLL
[0520/043013:ERROR:process_reader_win.cc(232)] ReadMemory at 0x773d0000 of 64 bytes failed: Only part of a ReadProcessMemory or WriteProcessMemory request was completed. (0x12B)
[0520/043013:WARNING:pe_image_reader.cc(280)] could not read dos header from C:\Windows\SYSTEM32\WS2_32.dll
[0520/043013:ERROR:process_reader_win.cc(232)] ReadMemory at 0x6dbb0000 of 64 bytes failed: Only part of a ReadProcessMemory or WriteProcessMemory request was completed. (0x12B)
[0520/043013:WARNING:pe_image_reader.cc(280)] could not read dos header from C:\Windows\SYSTEM32\USP10.dll
[0520/043013:ERROR:process_reader_win.cc(232)] ReadMemory at 0x77250000 of 64 bytes failed: Only part of a ReadProcessMemory or WriteProcessMemory request was completed. (0x12B)
[0520/043013:WARNING:pe_image_reader.cc(280)] could not read dos header from C:\Windows\SYSTEM32\MSASN1.dll
[0520/043013:ERROR:process_reader_win.cc(232)] ReadMemory at 0x77530000 of 64 bytes failed: Only part of a ReadProcessMemory or WriteProcessMemory request was completed. (0x12B)
[0520/043013:WARNING:pe_image_reader.cc(280)] could not read dos header from C:\Windows\SYSTEM32\CRYPT32.dll
[0520/043013:ERROR:process_reader_win.cc(232)] ReadMemory at 0x754e0000 of 64 bytes failed: Only part of a ReadProcessMemory or WriteProcessMemory request was completed. (0x12B)
[0520/043013:WARNING:pe_image_reader.cc(280)] could not read dos header from C:\Windows\SYSTEM32\WINTRUST.dll
[0520/043013:ERROR:process_reader_win.cc(232)] ReadMemory at 0x71820000 of 64 bytes failed: Only part of a ReadProcessMemory or WriteProcessMemory request was completed. (0x12B)
[0520/043013:WARNING:pe_image_reader.cc(280)] could not read dos header from C:\Windows\SYSTEM32\Secur32.dll
[0520/043013:ERROR:process_reader_win.cc(232)] ReadMemory at 0x5fcb0000 of 64 bytes failed: Only part of a ReadProcessMemory or WriteProcessMemory request was completed. (0x12B)
[0520/043013:WARNING:pe_image_reader.cc(280)] could not read dos header from C:\Program Files (x86)\Google\Chrome\Application\50.0.2661.102\chrome_child.dll
[0520/043013:ERROR:process_reader_win.cc(232)] ReadMemory at 0x71250000 of 64 bytes failed: Only part of a ReadProcessMemory or WriteProcessMemory request was completed. (0x12B)
[0520/043013:WARNING:pe_image_reader.cc(280)] could not read dos header from C:\Windows\SYSTEM32\dwrite.dll
[0520/043013:ERROR:process_reader_win.cc(98)] process 8788 not found
[0520/043013:ERROR:process_reader_win.cc(232)] ReadMemory at 0x12bd1b4 of 12 bytes failed: Only part of a ReadProcessMemory or WriteProcessMemory request was completed. (0x12B)
[0520/043013:WARNING:process_snapshot_win.cc(96)] ReadMemory ExceptionInformation failed
[0520/043013:WARNING:crash_report_exception_handler.cc(60)] ProcessSnapshotWin::InitializeException failed
[0520/043013:ERROR:scoped_process_suspend.cc(38)] NtResumeProcess, ntstatus=-1073741558
